<?xml version="1.0" encoding="UTF-8"?>
<!-- Generated by org.testng.reporters.JUnitReportReporter -->
<testsuite hostname="LIN83005874" failures="0" tests="1" name="TestCases.HomeTest" time="39.555" errors="0" timestamp="2022-10-10T10:51:48 IST" skipped="0">
  <testcase classname="TestCases.HomeTest" name="homePageTC001" time="39.555"/>
  <system-out/>
</testsuite> <!-- TestCases.HomeTest -->
