<?xml version="1.0" encoding="UTF-8"?>
<!-- Generated by org.testng.reporters.JUnitReportReporter -->
<testsuite hostname="LIN83005874" failures="0" tests="6" name="TestCases.SearchTest" time="309.237" errors="0" timestamp="2022-10-10T10:23:01 IST" skipped="0">
  <testcase classname="TestCases.SearchTest" name="productSearchTC007" time="54.703"/>
  <system-out/>
  <testcase classname="TestCases.SearchTest" name="productSearchTC002" time="74.783"/>
  <system-out/>
  <testcase classname="TestCases.SearchTest" name="productSearchTC003" time="50.712"/>
  <system-out/>
  <testcase classname="TestCases.SearchTest" name="productSearchTC006" time="39.159"/>
  <system-out/>
  <testcase classname="TestCases.SearchTest" name="productSearchTC001" time="32.454"/>
  <system-out/>
  <testcase classname="TestCases.SearchTest" name="productSearchTC008" time="57.426"/>
  <system-out/>
</testsuite> <!-- TestCases.SearchTest -->
