<?xml version="1.0" encoding="UTF-8"?>
<!-- Generated by org.testng.reporters.JUnitReportReporter -->
<testsuite hostname="LIN83005874" failures="0" tests="1" name="Tests.Search" time="11.558" errors="0" timestamp="2022-09-28T16:17:16 IST" skipped="0">
  <testcase classname="Tests.Search" name="sortBy" time="11.558"/>
  <system-out/>
</testsuite> <!-- Tests.Search -->
