<?xml version="1.0" encoding="UTF-8"?>
<!-- Generated by org.testng.reporters.JUnitReportReporter -->
<testsuite hostname="LIN83005874" failures="0" tests="1" name="Tests.LoginTest" time="93.131" errors="0" timestamp="2022-10-04T15:52:17 IST" skipped="0">
  <testcase classname="Tests.LoginTest" name="loginTest" time="93.131"/>
  <system-out/>
</testsuite> <!-- Tests.LoginTest -->
