<?xml version="1.0" encoding="UTF-8"?>
<!-- Generated by org.testng.reporters.JUnitReportReporter -->
<testsuite hostname="LIN83005874" failures="0" tests="1" name="Tests.BrowserTest" time="20.041" errors="0" timestamp="2022-09-26T14:16:23 IST" skipped="0">
  <testcase classname="Tests.BrowserTest" name="ChromeBrowserTest" time="20.041"/>
  <system-out/>
</testsuite> <!-- Tests.BrowserTest -->
