<?xml version="1.0" encoding="UTF-8"?>
<!-- Generated by org.testng.reporters.JUnitReportReporter -->
<testsuite hostname="LIN83005874" failures="0" tests="1" name="TestCases.CartTest" time="42.239" errors="1" timestamp="2022-10-04T14:54:21 IST" skipped="0">
  <testcase classname="TestCases.CartTest" name="CartTC009" time="42.239">
    <error message="Page closed" type="com.microsoft.playwright.PlaywrightException">
      <![CDATA[com.microsoft.playwright.PlaywrightException: Page closed
at com.microsoft.playwright.impl.PageImpl$WaitablePageClose.get(PageImpl.java:1324)
at com.microsoft.playwright.impl.WaitableRace.get(WaitableRace.java:44)
at com.microsoft.playwright.impl.WaitableRace.get(WaitableRace.java:44)
at com.microsoft.playwright.impl.ChannelOwner.runUntil(ChannelOwner.java:109)
at com.microsoft.playwright.impl.FrameImpl.waitForLoadStateImpl(FrameImpl.java:836)
at com.microsoft.playwright.impl.FrameImpl.waitForLoadStateImpl(FrameImpl.java:821)
at com.microsoft.playwright.impl.PageImpl.lambda$waitForLoadState$71(PageImpl.java:1272)
at com.microsoft.playwright.impl.WaitForEventLogger.get(WaitForEventLogger.java:46)
at com.microsoft.playwright.impl.ChannelOwner.withWaitLogging(ChannelOwner.java:78)
at com.microsoft.playwright.impl.PageImpl.waitForLoadState(PageImpl.java:1271)
at com.microsoft.playwright.Page.waitForLoadState(Page.java:6219)
at com.microsoft.playwright.Page.waitForLoadState(Page.java:6241)
at Pages.ItemPage.getTitle(ItemPage.java:91)
at TestCases.CartTest.CartTC009(CartTest.java:118)
at java.base/jdk.internal.reflect.DirectMethodHandleAccessor.invoke(DirectMethodHandleAccessor.java:104)
at java.base/java.lang.reflect.Method.invoke(Method.java:577)
at org.testng.internal.MethodInvocationHelper.invokeMethod(MethodInvocationHelper.java:133)
at org.testng.internal.TestInvoker.invokeMethod(TestInvoker.java:598)
at org.testng.internal.TestInvoker.invokeTestMethod(TestInvoker.java:173)
at org.testng.internal.MethodRunner.runInSequence(MethodRunner.java:46)
at org.testng.internal.TestInvoker$MethodInvocationAgent.invoke(TestInvoker.java:824)
at org.testng.internal.TestInvoker.invokeTestMethods(TestInvoker.java:146)
at org.testng.internal.TestMethodWorker.invokeTestMethods(TestMethodWorker.java:146)
at org.testng.internal.TestMethodWorker.run(TestMethodWorker.java:128)
at java.base/java.util.ArrayList.forEach(ArrayList.java:1511)
at org.testng.TestRunner.privateRun(TestRunner.java:794)
at org.testng.TestRunner.run(TestRunner.java:596)
at org.testng.SuiteRunner.runTest(SuiteRunner.java:377)
at org.testng.SuiteRunner.runSequentially(SuiteRunner.java:371)
at org.testng.SuiteRunner.privateRun(SuiteRunner.java:332)
at org.testng.SuiteRunner.run(SuiteRunner.java:276)
at org.testng.SuiteRunnerWorker.runSuite(SuiteRunnerWorker.java:53)
at org.testng.SuiteRunnerWorker.run(SuiteRunnerWorker.java:96)
at org.testng.TestNG.runSuitesSequentially(TestNG.java:1212)
at org.testng.TestNG.runSuitesLocally(TestNG.java:1134)
at org.testng.TestNG.runSuites(TestNG.java:1063)
at org.testng.TestNG.run(TestNG.java:1031)
at org.testng.remote.AbstractRemoteTestNG.run(AbstractRemoteTestNG.java:115)
at org.testng.remote.RemoteTestNG.initAndRun(RemoteTestNG.java:251)
at org.testng.remote.RemoteTestNG.main(RemoteTestNG.java:77)
]]>
    </error>
  </testcase> <!-- CartTC009 -->
  <system-out/>
</testsuite> <!-- TestCases.CartTest -->
