<?xml version="1.0" encoding="UTF-8"?>
<!-- Generated by org.testng.reporters.JUnitReportReporter -->
<testsuite hostname="LIN83005874" failures="0" tests="1" name="TestCases.CheckoutTest" time="37.993" errors="0" timestamp="2022-10-04T17:05:02 IST" skipped="0">
  <testcase classname="TestCases.CheckoutTest" name="checkout002" time="37.993"/>
  <system-out/>
</testsuite> <!-- TestCases.CheckoutTest -->
