<?xml version="1.0" encoding="UTF-8"?>
<!-- Generated by org.testng.reporters.JUnitReportReporter -->
<testsuite hostname="LIN83005874" failures="0" tests="1" name="Tests.FreshTest" time="7.356" errors="0" timestamp="2022-09-27T14:35:32 IST" skipped="0">
  <testcase classname="Tests.FreshTest" name="verifyFreshPageTitle" time="7.356"/>
  <system-out/>
</testsuite> <!-- Tests.FreshTest -->
